/Users/guwj/Desktop/AI_Lab/audiobook/.venv/lib/python3.14/site-packages/langfuse/api/core/pydantic_utilities.py:27: UserWarning: Core Pydantic V1 functionality isn't compatible with Python 3.14 or greater.
  from pydantic.v1.datetime_parse import parse_date as parse_date
Langfuse public_key looks like a placeholder ('your-langfuse-public...'), tracing disabled. Set real keys in .env.
Langfuse public_key looks like a placeholder ('your-langfuse-public...'), tracing disabled. Set real keys in .env.
Langfuse public_key looks like a placeholder ('your-langfuse-public...'), tracing disabled. Set real keys in .env.
Langfuse public_key looks like a placeholder ('your-langfuse-public...'), tracing disabled. Set real keys in .env.
Langfuse public_key looks like a placeholder ('your-langfuse-public...'), tracing disabled. Set real keys in .env.
Langfuse public_key looks like a placeholder ('your-langfuse-public...'), tracing disabled. Set real keys in .env.
Langfuse public_key looks like a placeholder ('your-langfuse-public...'), tracing disabled. Set real keys in .env.
Langfuse public_key looks like a placeholder ('your-langfuse-public...'), tracing disabled. Set real keys in .env.
Langfuse public_key looks like a placeholder ('your-langfuse-public...'), tracing disabled. Set real keys in .env.
Langfuse public_key looks like a placeholder ('your-langfuse-public...'), tracing disabled. Set real keys in .env.
Langfuse public_key looks like a placeholder ('your-langfuse-public...'), tracing disabled. Set real keys in .env.
Langfuse public_key looks like a placeholder ('your-langfuse-public...'), tracing disabled. Set real keys in .env.
Langfuse public_key looks like a placeholder ('your-langfuse-public...'), tracing disabled. Set real keys in .env.
Langfuse public_key looks like a placeholder ('your-langfuse-public...'), tracing disabled. Set real keys in .env.
Langfuse public_key looks like a placeholder ('your-langfuse-public...'), tracing disabled. Set real keys in .env.
Langfuse public_key looks like a placeholder ('your-langfuse-public...'), tracing disabled. Set real keys in .env.
Langfuse public_key looks like a placeholder ('your-langfuse-public...'), tracing disabled. Set real keys in .env.
Langfuse public_key looks like a placeholder ('your-langfuse-public...'), tracing disabled. Set real keys in .env.
Langfuse public_key looks like a placeholder ('your-langfuse-public...'), tracing disabled. Set real keys in .env.
Langfuse public_key looks like a placeholder ('your-langfuse-public...'), tracing disabled. Set real keys in .env.
Langfuse public_key looks like a placeholder ('your-langfuse-public...'), tracing disabled. Set real keys in .env.
Langfuse public_key looks like a placeholder ('your-langfuse-public...'), tracing disabled. Set real keys in .env.
Langfuse public_key looks like a placeholder ('your-langfuse-public...'), tracing disabled. Set real keys in .env.
Langfuse public_key looks like a placeholder ('your-langfuse-public...'), tracing disabled. Set real keys in .env.
Langfuse public_key looks like a placeholder ('your-langfuse-public...'), tracing disabled. Set real keys in .env.
Langfuse public_key looks like a placeholder ('your-langfuse-public...'), tracing disabled. Set real keys in .env.
Langfuse public_key looks like a placeholder ('your-langfuse-public...'), tracing disabled. Set real keys in .env.
Langfuse public_key looks like a placeholder ('your-langfuse-public...'), tracing disabled. Set real keys in .env.
Langfuse public_key looks like a placeholder ('your-langfuse-public...'), tracing disabled. Set real keys in .env.
Langfuse public_key looks like a placeholder ('your-langfuse-public...'), tracing disabled. Set real keys in .env.
Langfuse public_key looks like a placeholder ('your-langfuse-public...'), tracing disabled. Set real keys in .env.
Langfuse public_key looks like a placeholder ('your-langfuse-public...'), tracing disabled. Set real keys in .env.
Langfuse public_key looks like a placeholder ('your-langfuse-public...'), tracing disabled. Set real keys in .env.
Langfuse public_key looks like a placeholder ('your-langfuse-public...'), tracing disabled. Set real keys in .env.
Langfuse public_key looks like a placeholder ('your-langfuse-public...'), tracing disabled. Set real keys in .env.
Langfuse public_key looks like a placeholder ('your-langfuse-public...'), tracing disabled. Set real keys in .env.
Langfuse public_key looks like a placeholder ('your-langfuse-public...'), tracing disabled. Set real keys in .env.
Langfuse public_key looks like a placeholder ('your-langfuse-public...'), tracing disabled. Set real keys in .env.
Langfuse public_key looks like a placeholder ('your-langfuse-public...'), tracing disabled. Set real keys in .env.
Langfuse public_key looks like a placeholder ('your-langfuse-public...'), tracing disabled. Set real keys in .env.
Langfuse public_key looks like a placeholder ('your-langfuse-public...'), tracing disabled. Set real keys in .env.
Langfuse public_key looks like a placeholder ('your-langfuse-public...'), tracing disabled. Set real keys in .env.
Langfuse public_key looks like a placeholder ('your-langfuse-public...'), tracing disabled. Set real keys in .env.
Langfuse public_key looks like a placeholder ('your-langfuse-public...'), tracing disabled. Set real keys in .env.
Langfuse public_key looks like a placeholder ('your-langfuse-public...'), tracing disabled. Set real keys in .env.
Langfuse public_key looks like a placeholder ('your-langfuse-public...'), tracing disabled. Set real keys in .env.
Langfuse public_key looks like a placeholder ('your-langfuse-public...'), tracing disabled. Set real keys in .env.
Langfuse public_key looks like a placeholder ('your-langfuse-public...'), tracing disabled. Set real keys in .env.
Langfuse public_key looks like a placeholder ('your-langfuse-public...'), tracing disabled. Set real keys in .env.
Langfuse public_key looks like a placeholder ('your-langfuse-public...'), tracing disabled. Set real keys in .env.
Langfuse public_key looks like a placeholder ('your-langfuse-public...'), tracing disabled. Set real keys in .env.
Langfuse public_key looks like a placeholder ('your-langfuse-public...'), tracing disabled. Set real keys in .env.
Langfuse public_key looks like a placeholder ('your-langfuse-public...'), tracing disabled. Set real keys in .env.
Langfuse public_key looks like a placeholder ('your-langfuse-public...'), tracing disabled. Set real keys in .env.
Langfuse public_key looks like a placeholder ('your-langfuse-public...'), tracing disabled. Set real keys in .env.
Langfuse public_key looks like a placeholder ('your-langfuse-public...'), tracing disabled. Set real keys in .env.
Langfuse public_key looks like a placeholder ('your-langfuse-public...'), tracing disabled. Set real keys in .env.
Langfuse public_key looks like a placeholder ('your-langfuse-public...'), tracing disabled. Set real keys in .env.
Langfuse public_key looks like a placeholder ('your-langfuse-public...'), tracing disabled. Set real keys in .env.
Langfuse public_key looks like a placeholder ('your-langfuse-public...'), tracing disabled. Set real keys in .env.
Langfuse public_key looks like a placeholder ('your-langfuse-public...'), tracing disabled. Set real keys in .env.
Langfuse public_key looks like a placeholder ('your-langfuse-public...'), tracing disabled. Set real keys in .env.
Langfuse public_key looks like a placeholder ('your-langfuse-public...'), tracing disabled. Set real keys in .env.
Langfuse public_key looks like a placeholder ('your-langfuse-public...'), tracing disabled. Set real keys in .env.
Langfuse public_key looks like a placeholder ('your-langfuse-public...'), tracing disabled. Set real keys in .env.
Langfuse public_key looks like a placeholder ('your-langfuse-public...'), tracing disabled. Set real keys in .env.
Langfuse public_key looks like a placeholder ('your-langfuse-public...'), tracing disabled. Set real keys in .env.
Langfuse public_key looks like a placeholder ('your-langfuse-public...'), tracing disabled. Set real keys in .env.
Langfuse public_key looks like a placeholder ('your-langfuse-public...'), tracing disabled. Set real keys in .env.
Langfuse public_key looks like a placeholder ('your-langfuse-public...'), tracing disabled. Set real keys in .env.
Langfuse public_key looks like a placeholder ('your-langfuse-public...'), tracing disabled. Set real keys in .env.
Langfuse public_key looks like a placeholder ('your-langfuse-public...'), tracing disabled. Set real keys in .env.
Langfuse public_key looks like a placeholder ('your-langfuse-public...'), tracing disabled. Set real keys in .env.
Langfuse public_key looks like a placeholder ('your-langfuse-public...'), tracing disabled. Set real keys in .env.
Langfuse public_key looks like a placeholder ('your-langfuse-public...'), tracing disabled. Set real keys in .env.
Langfuse public_key looks like a placeholder ('your-langfuse-public...'), tracing disabled. Set real keys in .env.
Langfuse public_key looks like a placeholder ('your-langfuse-public...'), tracing disabled. Set real keys in .env.
Langfuse public_key looks like a placeholder ('your-langfuse-public...'), tracing disabled. Set real keys in .env.
Langfuse public_key looks like a placeholder ('your-langfuse-public...'), tracing disabled. Set real keys in .env.
Langfuse public_key looks like a placeholder ('your-langfuse-public...'), tracing disabled. Set real keys in .env.
Langfuse public_key looks like a placeholder ('your-langfuse-public...'), tracing disabled. Set real keys in .env.
Langfuse public_key looks like a placeholder ('your-langfuse-public...'), tracing disabled. Set real keys in .env.
Langfuse public_key looks like a placeholder ('your-langfuse-public...'), tracing disabled. Set real keys in .env.
Langfuse public_key looks like a placeholder ('your-langfuse-public...'), tracing disabled. Set real keys in .env.
Langfuse public_key looks like a placeholder ('your-langfuse-public...'), tracing disabled. Set real keys in .env.
Langfuse public_key looks like a placeholder ('your-langfuse-public...'), tracing disabled. Set real keys in .env.
Langfuse public_key looks like a placeholder ('your-langfuse-public...'), tracing disabled. Set real keys in .env.
Langfuse public_key looks like a placeholder ('your-langfuse-public...'), tracing disabled. Set real keys in .env.
Langfuse public_key looks like a placeholder ('your-langfuse-public...'), tracing disabled. Set real keys in .env.
Langfuse public_key looks like a placeholder ('your-langfuse-public...'), tracing disabled. Set real keys in .env.
Langfuse public_key looks like a placeholder ('your-langfuse-public...'), tracing disabled. Set real keys in .env.
Langfuse public_key looks like a placeholder ('your-langfuse-public...'), tracing disabled. Set real keys in .env.
Langfuse public_key looks like a placeholder ('your-langfuse-public...'), tracing disabled. Set real keys in .env.
Langfuse public_key looks like a placeholder ('your-langfuse-public...'), tracing disabled. Set real keys in .env.
Langfuse public_key looks like a placeholder ('your-langfuse-public...'), tracing disabled. Set real keys in .env.
Langfuse public_key looks like a placeholder ('your-langfuse-public...'), tracing disabled. Set real keys in .env.
Langfuse public_key looks like a placeholder ('your-langfuse-public...'), tracing disabled. Set real keys in .env.
Langfuse public_key looks like a placeholder ('your-langfuse-public...'), tracing disabled. Set real keys in .env.
Langfuse public_key looks like a placeholder ('your-langfuse-public...'), tracing disabled. Set real keys in .env.
Langfuse public_key looks like a placeholder ('your-langfuse-public...'), tracing disabled. Set real keys in .env.
Langfuse public_key looks like a placeholder ('your-langfuse-public...'), tracing disabled. Set real keys in .env.
Langfuse public_key looks like a placeholder ('your-langfuse-public...'), tracing disabled. Set real keys in .env.
Langfuse public_key looks like a placeholder ('your-langfuse-public...'), tracing disabled. Set real keys in .env.
Langfuse public_key looks like a placeholder ('your-langfuse-public...'), tracing disabled. Set real keys in .env.
Langfuse public_key looks like a placeholder ('your-langfuse-public...'), tracing disabled. Set real keys in .env.
Langfuse public_key looks like a placeholder ('your-langfuse-public...'), tracing disabled. Set real keys in .env.
Langfuse public_key looks like a placeholder ('your-langfuse-public...'), tracing disabled. Set real keys in .env.
Langfuse public_key looks like a placeholder ('your-langfuse-public...'), tracing disabled. Set real keys in .env.
Langfuse public_key looks like a placeholder ('your-langfuse-public...'), tracing disabled. Set real keys in .env.
Langfuse public_key looks like a placeholder ('your-langfuse-public...'), tracing disabled. Set real keys in .env.
Langfuse public_key looks like a placeholder ('your-langfuse-public...'), tracing disabled. Set real keys in .env.
Langfuse public_key looks like a placeholder ('your-langfuse-public...'), tracing disabled. Set real keys in .env.
Langfuse public_key looks like a placeholder ('your-langfuse-public...'), tracing disabled. Set real keys in .env.
Langfuse public_key looks like a placeholder ('your-langfuse-public...'), tracing disabled. Set real keys in .env.
Langfuse public_key looks like a placeholder ('your-langfuse-public...'), tracing disabled. Set real keys in .env.
Langfuse public_key looks like a placeholder ('your-langfuse-public...'), tracing disabled. Set real keys in .env.
Langfuse public_key looks like a placeholder ('your-langfuse-public...'), tracing disabled. Set real keys in .env.
Langfuse public_key looks like a placeholder ('your-langfuse-public...'), tracing disabled. Set real keys in .env.
Langfuse public_key looks like a placeholder ('your-langfuse-public...'), tracing disabled. Set real keys in .env.
Langfuse public_key looks like a placeholder ('your-langfuse-public...'), tracing disabled. Set real keys in .env.
Langfuse public_key looks like a placeholder ('your-langfuse-public...'), tracing disabled. Set real keys in .env.
Langfuse public_key looks like a placeholder ('your-langfuse-public...'), tracing disabled. Set real keys in .env.
Langfuse public_key looks like a placeholder ('your-langfuse-public...'), tracing disabled. Set real keys in .env.
Langfuse public_key looks like a placeholder ('your-langfuse-public...'), tracing disabled. Set real keys in .env.
Langfuse public_key looks like a placeholder ('your-langfuse-public...'), tracing disabled. Set real keys in .env.
Langfuse public_key looks like a placeholder ('your-langfuse-public...'), tracing disabled. Set real keys in .env.
Langfuse public_key looks like a placeholder ('your-langfuse-public...'), tracing disabled. Set real keys in .env.
Langfuse public_key looks like a placeholder ('your-langfuse-public...'), tracing disabled. Set real keys in .env.
Langfuse public_key looks like a placeholder ('your-langfuse-public...'), tracing disabled. Set real keys in .env.
Langfuse public_key looks like a placeholder ('your-langfuse-public...'), tracing disabled. Set real keys in .env.
Langfuse public_key looks like a placeholder ('your-langfuse-public...'), tracing disabled. Set real keys in .env.
Langfuse public_key looks like a placeholder ('your-langfuse-public...'), tracing disabled. Set real keys in .env.
Langfuse public_key looks like a placeholder ('your-langfuse-public...'), tracing disabled. Set real keys in .env.
Langfuse public_key looks like a placeholder ('your-langfuse-public...'), tracing disabled. Set real keys in .env.
Langfuse public_key looks like a placeholder ('your-langfuse-public...'), tracing disabled. Set real keys in .env.
Langfuse public_key looks like a placeholder ('your-langfuse-public...'), tracing disabled. Set real keys in .env.
Langfuse public_key looks like a placeholder ('your-langfuse-public...'), tracing disabled. Set real keys in .env.
Langfuse public_key looks like a placeholder ('your-langfuse-public...'), tracing disabled. Set real keys in .env.
Langfuse public_key looks like a placeholder ('your-langfuse-public...'), tracing disabled. Set real keys in .env.
Langfuse public_key looks like a placeholder ('your-langfuse-public...'), tracing disabled. Set real keys in .env.
Langfuse public_key looks like a placeholder ('your-langfuse-public...'), tracing disabled. Set real keys in .env.
Langfuse public_key looks like a placeholder ('your-langfuse-public...'), tracing disabled. Set real keys in .env.
Langfuse public_key looks like a placeholder ('your-langfuse-public...'), tracing disabled. Set real keys in .env.
Langfuse public_key looks like a placeholder ('your-langfuse-public...'), tracing disabled. Set real keys in .env.
Langfuse public_key looks like a placeholder ('your-langfuse-public...'), tracing disabled. Set real keys in .env.
Langfuse public_key looks like a placeholder ('your-langfuse-public...'), tracing disabled. Set real keys in .env.
Langfuse public_key looks like a placeholder ('your-langfuse-public...'), tracing disabled. Set real keys in .env.
Langfuse public_key looks like a placeholder ('your-langfuse-public...'), tracing disabled. Set real keys in .env.
Langfuse public_key looks like a placeholder ('your-langfuse-public...'), tracing disabled. Set real keys in .env.
Langfuse public_key looks like a placeholder ('your-langfuse-public...'), tracing disabled. Set real keys in .env.
Langfuse public_key looks like a placeholder ('your-langfuse-public...'), tracing disabled. Set real keys in .env.
Langfuse public_key looks like a placeholder ('your-langfuse-public...'), tracing disabled. Set real keys in .env.
Langfuse public_key looks like a placeholder ('your-langfuse-public...'), tracing disabled. Set real keys in .env.
Langfuse public_key looks like a placeholder ('your-langfuse-public...'), tracing disabled. Set real keys in .env.
Langfuse public_key looks like a placeholder ('your-langfuse-public...'), tracing disabled. Set real keys in .env.
Langfuse public_key looks like a placeholder ('your-langfuse-public...'), tracing disabled. Set real keys in .env.
Langfuse public_key looks like a placeholder ('your-langfuse-public...'), tracing disabled. Set real keys in .env.
Langfuse public_key looks like a placeholder ('your-langfuse-public...'), tracing disabled. Set real keys in .env.
Langfuse public_key looks like a placeholder ('your-langfuse-public...'), tracing disabled. Set real keys in .env.
Langfuse public_key looks like a placeholder ('your-langfuse-public...'), tracing disabled. Set real keys in .env.
Langfuse public_key looks like a placeholder ('your-langfuse-public...'), tracing disabled. Set real keys in .env.
Langfuse public_key looks like a placeholder ('your-langfuse-public...'), tracing disabled. Set real keys in .env.
Langfuse public_key looks like a placeholder ('your-langfuse-public...'), tracing disabled. Set real keys in .env.
Langfuse public_key looks like a placeholder ('your-langfuse-public...'), tracing disabled. Set real keys in .env.
Langfuse public_key looks like a placeholder ('your-langfuse-public...'), tracing disabled. Set real keys in .env.
Langfuse public_key looks like a placeholder ('your-langfuse-public...'), tracing disabled. Set real keys in .env.
⚠️ Kokoro-ONNX models NOT found at models/kokoro-onnx. Expected: kokoro-v1.0.onnx + voices-v1.0.bin (or model.onnx + voices.bin). Run: python scripts/download_kokoro_model.py
onnxruntime not installed. Run: pip install onnxruntime
Failed to create/get engine kokoro: No module named 'onnxruntime'
Unable to resolve voice 'default', using raw value
Edge-TTS synthesis failed: Invalid voice 'default'.
Engine edge failed: Invalid voice 'default'., trying next...
azure-cognitiveservices-speech not installed. Run: pip install azure-cognitiveservices-speech
Engine azure failed: No module named 'azure', trying next...
GCP credentials not configured (GOOGLE_APPLICATION_CREDENTIALS)
Engine gcp failed: GCP TTS not configured, trying next...
Synthesis failed for segment 2_ch1_p1: All TTS engines in fallback chain failed
Stage execution failed: STAGE_EXECUTION_ERROR
Error in _run_single_stage for stage synthesize: Stage synthesize execution failed: All TTS engines in fallback chain failed
Auto-run failed: Stage synthesize execution failed: All TTS engines in fallback chain failed
